[debug] [2022-04-27T11:16:31.123Z] ----------------------------------------------------------------------
[debug] [2022-04-27T11:16:31.125Z] Command:       C:\Program Files\nodejs\node.exe C:\Users\9198\AppData\Roaming\npm\node_modules\firebase-tools\lib\bin\firebase.js init
[debug] [2022-04-27T11:16:31.125Z] CLI Version:   10.7.1
[debug] [2022-04-27T11:16:31.125Z] Platform:      win32
[debug] [2022-04-27T11:16:31.125Z] Node Version:  v14.18.0
[debug] [2022-04-27T11:16:31.126Z] Time:          Wed Apr 27 2022 14:16:31 GMT+0300 (Москва, стандартное время)
[debug] [2022-04-27T11:16:31.126Z] ----------------------------------------------------------------------
[debug] 
[debug] [2022-04-27T11:16:31.132Z] > command requires scopes: ["email","openid","https://www.googleapis.com/auth/cloudplatformprojects.readonly","https://www.googleapis.com/auth/firebase","https://www.googleapis.com/auth/cloud-platform"]
[debug] [2022-04-27T11:16:31.132Z] > authorizing via signed-in user (alexeykorolyov19@gmail.com)
[info] 
     ######## #### ########  ######## ########     ###     ######  ########
     ##        ##  ##     ## ##       ##     ##  ##   ##  ##       ##
     ######    ##  ########  ######   ########  #########  ######  ######
     ##        ##  ##    ##  ##       ##     ## ##     ##       ## ##
     ##       #### ##     ## ######## ########  ##     ##  ######  ########

You're about to initialize a Firebase project in this directory:

  C:\Users\9198\Desktop\Projects\angular-blog

[info] 
=== Project Setup
[info] 
[info] First, let's associate this project directory with a Firebase project.
[info] You can create multiple project aliases by running firebase use --add, 
[info] but for now we'll just set up a default project.
[info] 
[debug] [2022-04-27T11:17:43.670Z] >>> [apiv2][query] GET https://firebase.googleapis.com/v1beta1/projects pageSize=100
[debug] [2022-04-27T11:17:44.106Z] <<< [apiv2][status] GET https://firebase.googleapis.com/v1beta1/projects 200
[debug] [2022-04-27T11:17:44.106Z] <<< [apiv2][body] GET https://firebase.googleapis.com/v1beta1/projects [omitted]
[info] i  Using project angular-blog-5a132 (angular-blog) 
[info] 
=== Hosting Setup
[info] 
[info] Your public directory is the folder (relative to your project directory) that
[info] will contain Hosting assets to be uploaded with firebase deploy. If you
[info] have a build process for your assets, use your build's output directory.
[info] 
[debug] [2022-04-27T11:18:11.915Z] >>> [apiv2][query] GET https://www.gstatic.com/firebasejs/releases.json [none]
[debug] [2022-04-27T11:18:11.941Z] <<< [apiv2][status] GET https://www.gstatic.com/firebasejs/releases.json 200
[debug] [2022-04-27T11:18:11.941Z] <<< [apiv2][body] GET https://www.gstatic.com/firebasejs/releases.json {"current":{"version":"9.6.11","browserURL":"https://www.gstatic.com/firebasejs/9.6.11/firebase.js","packageURL":"https://www.gstatic.com/firebasejs/9.6.11/firebase.tgz"},"live":{"version":"9.6","browserURL":"https://www.gstatic.com/firebasejs/live/9.6/firebase.js","packageURL":"https://www.gstatic.com/firebasejs/live/9.6/firebase.tgz"},"components":{"analytics":"https://www.gstatic.com/firebasejs/9.6.11/firebase-analytics.js","app":"https://www.gstatic.com/firebasejs/9.6.11/firebase-app.js","app-check":"https://www.gstatic.com/firebasejs/9.6.11/firebase-app-check.js","auth":"https://www.gstatic.com/firebasejs/9.6.11/firebase-auth.js","auth/cordova":"https://www.gstatic.com/firebasejs/9.6.11/firebase-auth/cordova.js","auth/react-native":"https://www.gstatic.com/firebasejs/9.6.11/firebase-auth/react-native.js","functions":"https://www.gstatic.com/firebasejs/9.6.11/firebase-functions.js","firestore":"https://www.gstatic.com/firebasejs/9.6.11/firebase-firestore.js","firestore/lite":"https://www.gstatic.com/firebasejs/9.6.11/firebase-firestore/lite.js","storage":"https://www.gstatic.com/firebasejs/9.6.11/firebase-storage.js","performance":"https://www.gstatic.com/firebasejs/9.6.11/firebase-performance.js","remote-config":"https://www.gstatic.com/firebasejs/9.6.11/firebase-remote-config.js","messaging":"https://www.gstatic.com/firebasejs/9.6.11/firebase-messaging.js","messaging/sw":"https://www.gstatic.com/firebasejs/9.6.11/firebase-messaging/sw.js","database":"https://www.gstatic.com/firebasejs/9.6.11/firebase-database.js","firestore.memory":"https://www.gstatic.com/firebasejs/9.6.11/firebase-firestore.memory.js"}}
[info] i  Skipping write of dist/angular-blog/index.html 
[info] 
[info] i  Detected a .git folder at C:\Users\9198\Desktop\Projects\angular-blog 
[info] i  Authorizing with GitHub to upload your service account to a GitHub repository's secrets store. 
[info] 
[info] Visit this URL on this device to log in:
[info] https://github.com/login/oauth/authorize?client_id=89cf50f02ac6aaed3484&state=832456734&redirect_uri=http%3A%2F%2Flocalhost%3A9005&scope=read%3Auser%20repo%20public_repo
[info] 
[info] Waiting for authentication...
[debug] [2022-04-27T11:18:38.411Z] >>> HTTP REQUEST POST https://github.com/login/oauth/access_token  
 {"client_id":"89cf50f02ac6aaed3484","client_secret":"3330d14abc895d9a74d5f17cd7a00711fa2c5bf0","code":"c52063b812e3a19cda5a","redirect_uri":"http://localhost:9005","state":"832456734"}
[debug] [2022-04-27T11:18:38.738Z] <<< HTTP RESPONSE 200 {"server":"GitHub.com","date":"Wed, 27 Apr 2022 11:18:38 GMT","content-type":"application/json; charset=utf-8","transfer-encoding":"chunked","vary":"X-PJAX, X-PJAX-Container, Accept-Encoding, Accept, X-Requested-With","permissions-policy":"interest-cohort=()","etag":"W/\"5d76302f5e3ce98cd87220ee354c7dea\"","cache-control":"max-age=0, private, must-revalidate","strict-transport-security":"max-age=31536000; includeSubdomains; preload","x-frame-options":"deny","x-content-type-options":"nosniff","x-xss-protection":"0","referrer-policy":"origin-when-cross-origin, strict-origin-when-cross-origin","expect-ct":"max-age=2592000, report-uri=\"https://api.github.com/_private/browser/errors\"","content-security-policy":"default-src 'none'; base-uri 'self'; block-all-mixed-content; child-src github.com/assets-cdn/worker/ gist.github.com/assets-cdn/worker/; connect-src 'self' uploads.github.com objects-origin.githubusercontent.com www.githubstatus.com collector.github.com raw.githubusercontent.com api.github.com github-cloud.s3.amazonaws.com github-production-repository-file-5c1aeb.s3.amazonaws.com github-production-upload-manifest-file-7fdce7.s3.amazonaws.com github-production-user-asset-6210df.s3.amazonaws.com cdn.optimizely.com logx.optimizely.com/v1/events translator.github.com *.actions.githubusercontent.com wss://*.actions.githubusercontent.com online.visualstudio.com/api/v1/locations github-production-repository-image-32fea6.s3.amazonaws.com github-production-release-asset-2e65be.s3.amazonaws.com insights.github.com wss://alive.github.com; font-src github.githubassets.com; form-action 'self' github.com gist.github.com objects-origin.githubusercontent.com; frame-ancestors 'none'; frame-src render.githubusercontent.com viewscreen.githubusercontent.com notebooks.githubusercontent.com; img-src 'self' data: github.githubassets.com identicons.github.com github-cloud.s3.amazonaws.com secured-user-images.githubusercontent.com/ *.githubusercontent.com; manifest-src 'self'; media-src github.com user-images.githubusercontent.com/; script-src github.githubassets.com; style-src 'unsafe-inline' github.githubassets.com; worker-src github.com/assets-cdn/worker/ gist.github.com/assets-cdn/worker/","x-github-request-id":"4FAD:2CDF:558DE:594F8:6269268E"}
[debug] [2022-04-27T11:18:38.740Z] >>> [apiv2][query] GET https://api.github.com/user [none]
[debug] [2022-04-27T11:18:39.060Z] <<< [apiv2][status] GET https://api.github.com/user 200
[debug] [2022-04-27T11:18:39.060Z] <<< [apiv2][body] GET https://api.github.com/user {"login":"alexhcj","id":32982981,"node_id":"MDQ6VXNlcjMyOTgyOTgx","avatar_url":"https://avatars.githubusercontent.com/u/32982981?v=4","gravatar_id":"","url":"https://api.github.com/users/alexhcj","html_url":"https://github.com/alexhcj","followers_url":"https://api.github.com/users/alexhcj/followers","following_url":"https://api.github.com/users/alexhcj/following{/other_user}","gists_url":"https://api.github.com/users/alexhcj/gists{/gist_id}","starred_url":"https://api.github.com/users/alexhcj/starred{/owner}{/repo}","subscriptions_url":"https://api.github.com/users/alexhcj/subscriptions","organizations_url":"https://api.github.com/users/alexhcj/orgs","repos_url":"https://api.github.com/users/alexhcj/repos","events_url":"https://api.github.com/users/alexhcj/events{/privacy}","received_events_url":"https://api.github.com/users/alexhcj/received_events","type":"User","site_admin":false,"name":"@alex_hcj","company":null,"blog":"","location":"Saint-Petersburg","email":null,"hireable":null,"bio":null,"twitter_username":null,"public_repos":25,"public_gists":0,"followers":1,"following":0,"created_at":"2017-10-21T14:12:17Z","updated_at":"2022-01-31T18:09:57Z","private_gists":0,"total_private_repos":0,"owned_private_repos":0,"disk_usage":112909,"collaborators":0,"two_factor_authentication":false,"plan":{"name":"free","space":976562499,"collaborators":0,"private_repos":10000}}
[info] 
[info] +  Success! Logged into GitHub as alexhcj 
[info] 
